<?xml version="1.0" encoding="UTF-8"?>
<!-- Generated by org.testng.reporters.JUnitReportReporter -->
<testsuite hostname="DESKTOP-52IO3LO" failures="0" tests="1" name="baseClass.BaseClass" time="11.081" errors="0" timestamp="2024-06-11T09:16:12 SAST" skipped="0">
  <testcase classname="baseClass.BaseClass" name="setUp" time="11.081"/>
</testsuite> <!-- baseClass.BaseClass -->
