<?xml version="1.0" encoding="UTF-8"?>
<!-- Generated by org.testng.reporters.JUnitReportReporter -->
<testsuite hostname="DESKTOP-52IO3LO" failures="0" tests="3" name="testCases.UserListTableTestCase" time="2.989" errors="0" timestamp="2024-06-11T17:46:10 SAST" skipped="0">
  <testcase classname="testCases.UserListTableTestCase" name="verify_you_are_on_User_List_Table" time="0.042"/>
  <testcase classname="testCases.UserListTableTestCase" name="verify_user_Added_succefully" time="1.167"/>
  <testcase classname="testCases.UserListTableTestCase" name="verify_user_Added_succefully" time="1.780"/>
</testsuite> <!-- testCases.UserListTableTestCase -->
